<?xml version="1.0" encoding="utf-8"?><testsuites name="pytest tests"><testsuite name="pytest" errors="0" failures="0" skipped="0" tests="11" time="1.793" timestamp="2026-03-18T21:01:49.709246+00:00" hostname="agent-env-55782aef-f208-449a-ae10-6a2a9f05a13c"><testcase classname="backend.tests.test_api.TestCouchDBAPI" name="test_api_root_returns_200" time="0.238" /><testcase classname="backend.tests.test_api.TestCouchDBAPI" name="test_api_root_response_structure" time="0.152" /><testcase classname="backend.tests.test_api.TestCouchDBAPI" name="test_connection_endpoint_exists" time="0.179" /><testcase classname="backend.tests.test_api.TestCouchDBAPI" name="test_databases_endpoint_exists" time="0.143" /><testcase classname="backend.tests.test_api.TestCouchDBAPI" name="test_documents_endpoint_exists" time="0.134" /><testcase classname="backend.tests.test_api.TestCouchDBAPI" name="test_document_get_endpoint_exists" time="0.139" /><testcase classname="backend.tests.test_api.TestCouchDBAPI" name="test_document_put_endpoint_exists" time="0.170" /><testcase classname="backend.tests.test_api.TestCouchDBAPI" name="test_document_post_endpoint_exists" time="0.143" /><testcase classname="backend.tests.test_api.TestCouchDBAPI" name="test_document_delete_endpoint_exists" time="0.137" /><testcase classname="backend.tests.test_api.TestCouchDBAPI" name="test_connection_error_returns_json_response" time="0.218" /><testcase classname="backend.tests.test_api.TestCouchDBAPI" name="test_connection_requires_url_parameter" time="0.116" /></testsuite></testsuites>